[21:04:04] [main/DEBUG] [FML/]: Injecting tracing printstreams for STDOUT/STDERR.
[21:04:04] [main/INFO] [FML/]: Forge Mod Loader version 12.18.3.2511 for Minecraft 1.10.2 loading
[21:04:04] [main/INFO] [FML/]: Java is Java HotSpot(TM) 64-Bit Server VM, version 1.8.0_161, running on Mac OS X:x86_64:10.14.5, installed at /Library/Internet Plug-Ins/JavaAppletPlugin.plugin/Contents/Home
[21:04:04] [main/DEBUG] [FML/]: Java classpath at launch is /Users/kazukiamakawa/LocalCode/toy_minecraft/.minecraft/libraries/net/minecraftforge/forge/1.10.2-12.18.3.2511/forge-1.10.2-12.18.3.2511.jar:/Users/kazukiamakawa/LocalCode/toy_minecraft/.minecraft/libraries/net/minecraft/launchwrapper/1.12/launchwrapper-1.12.jar:/Users/kazukiamakawa/LocalCode/toy_minecraft/.minecraft/libraries/org/ow2/asm/asm-all/5.0.3/asm-all-5.0.3.jar:/Users/kazukiamakawa/LocalCode/toy_minecraft/.minecraft/libraries/jline/jline/2.13/jline-2.13.jar:/Users/kazukiamakawa/LocalCode/toy_minecraft/.minecraft/libraries/com/typesafe/akka/akka-actor_2.11/2.3.3/akka-actor_2.11-2.3.3.jar:/Users/kazukiamakawa/LocalCode/toy_minecraft/.minecraft/libraries/com/typesafe/config/1.2.1/config-1.2.1.jar:/Users/kazukiamakawa/LocalCode/toy_minecraft/.minecraft/libraries/org/scala-lang/scala-actors-migration_2.11/1.1.0/scala-actors-migration_2.11-1.1.0.jar:/Users/kazukiamakawa/LocalCode/toy_minecraft/.minecraft/libraries/org/scala-lang/scala-compiler/2.11.1/scala-compiler-2.11.1.jar:/Users/kazukiamakawa/LocalCode/toy_minecraft/.minecraft/libraries/org/scala-lang/plugins/scala-continuations-library_2.11/1.0.2/scala-continuations-library_2.11-1.0.2.jar:/Users/kazukiamakawa/LocalCode/toy_minecraft/.minecraft/libraries/org/scala-lang/plugins/scala-continuations-plugin_2.11.1/1.0.2/scala-continuations-plugin_2.11.1-1.0.2.jar:/Users/kazukiamakawa/LocalCode/toy_minecraft/.minecraft/libraries/org/scala-lang/scala-library/2.11.1/scala-library-2.11.1.jar:/Users/kazukiamakawa/LocalCode/toy_minecraft/.minecraft/libraries/org/scala-lang/scala-parser-combinators_2.11/1.0.1/scala-parser-combinators_2.11-1.0.1.jar:/Users/kazukiamakawa/LocalCode/toy_minecraft/.minecraft/libraries/org/scala-lang/scala-reflect/2.11.1/scala-reflect-2.11.1.jar:/Users/kazukiamakawa/LocalCode/toy_minecraft/.minecraft/libraries/org/scala-lang/scala-swing_2.11/1.0.1/scala-swing_2.11-1.0.1.jar:/Users/kazukiamakawa/LocalCode/toy_minecraft/.minecraft/libraries/org/scala-lang/scala-xml_2.11/1.0.2/scala-xml_2.11-1.0.2.jar:/Users/kazukiamakawa/LocalCode/toy_minecraft/.minecraft/libraries/lzma/lzma/0.0.1/lzma-0.0.1.jar:/Users/kazukiamakawa/LocalCode/toy_minecraft/.minecraft/libraries/net/sf/jopt-simple/jopt-simple/4.6/jopt-simple-4.6.jar:/Users/kazukiamakawa/LocalCode/toy_minecraft/.minecraft/libraries/java3d/vecmath/1.5.2/vecmath-1.5.2.jar:/Users/kazukiamakawa/LocalCode/toy_minecraft/.minecraft/libraries/net/sf/trove4j/trove4j/3.0.3/trove4j-3.0.3.jar:/Users/kazukiamakawa/LocalCode/toy_minecraft/.minecraft/libraries/com/mojang/netty/1.6/netty-1.6.jar:/Users/kazukiamakawa/LocalCode/toy_minecraft/.minecraft/libraries/oshi-project/oshi-core/1.1/oshi-core-1.1.jar:/Users/kazukiamakawa/LocalCode/toy_minecraft/.minecraft/libraries/net/java/dev/jna/jna/3.4.0/jna-3.4.0.jar:/Users/kazukiamakawa/LocalCode/toy_minecraft/.minecraft/libraries/net/java/dev/jna/platform/3.4.0/platform-3.4.0.jar:/Users/kazukiamakawa/LocalCode/toy_minecraft/.minecraft/libraries/com/ibm/icu/icu4j-core-mojang/51.2/icu4j-core-mojang-51.2.jar:/Users/kazukiamakawa/LocalCode/toy_minecraft/.minecraft/libraries/com/paulscode/codecjorbis/20101023/codecjorbis-20101023.jar:/Users/kazukiamakawa/LocalCode/toy_minecraft/.minecraft/libraries/com/paulscode/codecwav/20101023/codecwav-20101023.jar:/Users/kazukiamakawa/LocalCode/toy_minecraft/.minecraft/libraries/com/paulscode/libraryjavasound/20101123/libraryjavasound-20101123.jar:/Users/kazukiamakawa/LocalCode/toy_minecraft/.minecraft/libraries/com/paulscode/librarylwjglopenal/20100824/librarylwjglopenal-20100824.jar:/Users/kazukiamakawa/LocalCode/toy_minecraft/.minecraft/libraries/com/paulscode/soundsystem/20120107/soundsystem-20120107.jar:/Users/kazukiamakawa/LocalCode/toy_minecraft/.minecraft/libraries/io/netty/netty-all/4.0.23.Final/netty-all-4.0.23.Final.jar:/Users/kazukiamakawa/LocalCode/toy_minecraft/.minecraft/libraries/com/google/guava/guava/17.0/guava-17.0.jar:/Users/kazukiamakawa/LocalCode/toy_minecraft/.minecraft/libraries/org/apache/commons/commons-lang3/3.3.2/commons-lang3-3.3.2.jar:/Users/kazukiamakawa/LocalCode/toy_minecraft/.minecraft/libraries/commons-io/commons-io/2.4/commons-io-2.4.jar:/Users/kazukiamakawa/LocalCode/toy_minecraft/.minecraft/libraries/commons-codec/commons-codec/1.9/commons-codec-1.9.jar:/Users/kazukiamakawa/LocalCode/toy_minecraft/.minecraft/libraries/net/java/jinput/jinput/2.0.5/jinput-2.0.5.jar:/Users/kazukiamakawa/LocalCode/toy_minecraft/.minecraft/libraries/net/java/jutils/jutils/1.0.0/jutils-1.0.0.jar:/Users/kazukiamakawa/LocalCode/toy_minecraft/.minecraft/libraries/com/google/code/gson/gson/2.2.4/gson-2.2.4.jar:/Users/kazukiamakawa/LocalCode/toy_minecraft/.minecraft/libraries/com/mojang/authlib/1.5.22/authlib-1.5.22.jar:/Users/kazukiamakawa/LocalCode/toy_minecraft/.minecraft/libraries/com/mojang/realms/1.9.8/realms-1.9.8.jar:/Users/kazukiamakawa/LocalCode/toy_minecraft/.minecraft/libraries/org/apache/commons/commons-compress/1.8.1/commons-compress-1.8.1.jar:/Users/kazukiamakawa/LocalCode/toy_minecraft/.minecraft/libraries/org/apache/httpcomponents/httpclient/4.3.3/httpclient-4.3.3.jar:/Users/kazukiamakawa/LocalCode/toy_minecraft/.minecraft/libraries/commons-logging/commons-logging/1.1.3/commons-logging-1.1.3.jar:/Users/kazukiamakawa/LocalCode/toy_minecraft/.minecraft/libraries/org/apache/httpcomponents/httpcore/4.3.2/httpcore-4.3.2.jar:/Users/kazukiamakawa/LocalCode/toy_minecraft/.minecraft/libraries/it/unimi/dsi/fastutil/7.0.12_mojang/fastutil-7.0.12_mojang.jar:/Users/kazukiamakawa/LocalCode/toy_minecraft/.minecraft/libraries/org/apache/logging/log4j/log4j-api/2.0-beta9/log4j-api-2.0-beta9.jar:/Users/kazukiamakawa/LocalCode/toy_minecraft/.minecraft/libraries/org/apache/logging/log4j/log4j-core/2.0-beta9/log4j-core-2.0-beta9.jar:/Users/kazukiamakawa/LocalCode/toy_minecraft/.minecraft/libraries/org/lwjgl/lwjgl/lwjgl/2.9.2-nightly-20140822/lwjgl-2.9.2-nightly-20140822.jar:/Users/kazukiamakawa/LocalCode/toy_minecraft/.minecraft/libraries/org/lwjgl/lwjgl/lwjgl_util/2.9.2-nightly-20140822/lwjgl_util-2.9.2-nightly-20140822.jar:/Users/kazukiamakawa/LocalCode/toy_minecraft/.minecraft/libraries/optifine/OptiFine/1.10.2_HD_U_E7/OptiFine-1.10.2_HD_U_E7-installer.jar:/Users/kazukiamakawa/LocalCode/toy_minecraft/.minecraft/versions/1.10.2/1.10.2.jar
[21:04:04] [main/DEBUG] [FML/]: Java library path at launch is /Users/kazukiamakawa/LocalCode/toy_minecraft/.minecraft/versions/1.10.2/1.10.2-natives
[21:04:04] [main/DEBUG] [FML/]: Enabling runtime deobfuscation
[21:04:04] [main/DEBUG] [FML/]: Instantiating coremod class FMLCorePlugin
[21:04:04] [main/DEBUG] [FML/]: Added access transformer class net.minecraftforge.fml.common.asm.transformers.AccessTransformer to enqueued access transformers
[21:04:04] [main/DEBUG] [FML/]: Enqueued coremod FMLCorePlugin
[21:04:04] [main/DEBUG] [FML/]: Instantiating coremod class FMLForgePlugin
[21:04:04] [main/DEBUG] [FML/]: Enqueued coremod FMLForgePlugin
[21:04:04] [main/DEBUG] [FML/]: All fundamental core mods are successfully located
[21:04:04] [main/DEBUG] [FML/]: Attempting to load commandline specified mods, relative to /Users/kazukiamakawa/LocalCode/toy_minecraft/.minecraft
[21:04:04] [main/DEBUG] [FML/]: Discovering coremods
[21:04:04] [main/DEBUG] [FML/]: Examining for coremod candidacy Bamboo-3.0.0.12.2.jar
[21:04:05] [main/DEBUG] [FML/]: Not found coremod data in Bamboo-3.0.0.12.2.jar
[21:04:05] [main/DEBUG] [FML/]: Examining for coremod candidacy cfm-4.1.2-mc1.10.2.jar
[21:04:05] [main/DEBUG] [FML/]: Not found coremod data in cfm-4.1.2-mc1.10.2.jar
[21:04:05] [main/DEBUG] [FML/]: Examining for coremod candidacy Chisel-MC1.10.2-0.2.1.47.jar
[21:04:05] [main/DEBUG] [FML/]: Not found coremod data in Chisel-MC1.10.2-0.2.1.47.jar
[21:04:05] [main/DEBUG] [FML/]: Examining for coremod candidacy CocoaInput-[1.9-1.12.2]-3.1.5.jar
[21:04:05] [main/TRACE] [FML/]: Found FMLCorePluginContainsFMLMod marker in CocoaInput-[1.9-1.12.2]-3.1.5.jar, it will be examined later for regular @Mod instances
[21:04:05] [main/DEBUG] [FML/]: Instantiating coremod class CocoaInputCorePlugin
[21:04:05] [main/WARN] [FML/]: The coremod com.Axeryok.CocoaInput.CocoaInputCorePlugin does not have a MCVersion annotation, it may cause issues with this version of Minecraft
[21:04:05] [main/DEBUG] [FML/]: Enqueued coremod CocoaInputCorePlugin
[21:04:05] [main/DEBUG] [FML/]: Examining for coremod candidacy CTM-MC1.10.2-0.3.2.35.jar
[21:04:05] [main/TRACE] [FML/]: Found FMLCorePluginContainsFMLMod marker in CTM-MC1.10.2-0.3.2.35.jar, it will be examined later for regular @Mod instances
[21:04:05] [main/DEBUG] [FML/]: Instantiating coremod class CTMCorePlugin
[21:04:05] [main/WARN] [FML/]: The coremod team.chisel.ctm.client.asm.CTMCorePlugin does not have a MCVersion annotation, it may cause issues with this version of Minecraft
[21:04:05] [main/DEBUG] [FML/]: Enqueued coremod CTMCorePlugin
[21:04:05] [main/DEBUG] [FML/]: Examining for coremod candidacy industrialcraft-2-2.6.259-ex110.jar
[21:04:05] [main/TRACE] [FML/]: Found FMLCorePluginContainsFMLMod marker in industrialcraft-2-2.6.259-ex110.jar, it will be examined later for regular @Mod instances
[21:04:05] [main/DEBUG] [FML/]: Instantiating coremod class IC2core
