[21:05:02] [Client thread/INFO]: Setting user: YagamiShiroya
[21:05:47] [Client thread/INFO]: LWJGL Version: 2.9.2
[21:06:05] [Client thread/INFO]: Reloading ResourceManager: Default, FMLFileResourcePack:Forge Mod Loader, FMLFileResourcePack:Minecraft Forge, FMLFileResourcePack:bamboomod, FMLFileResourcePack:MrCrayfish's Furniture Mod, FMLFileResourcePack:Chisel, FMLFileResourcePack:CTM, FMLFileResourcePack:IndustrialCraft 2, FMLFileResourcePack:JourneyMap, FMLFileResourcePack:TofuCraft-RmEdition, FMLFileResourcePack:bspkrsCore, FMLFileResourcePack:Treecapitator, FMLFileResourcePack:WorldEdit
[21:06:40] [Sound Library Loader/INFO]: Starting up SoundSystem...
[21:06:40] [Thread-7/INFO]: Initializing LWJGL OpenAL
[21:06:40] [Thread-7/INFO]: (The LWJGL binding of OpenAL.  For more information, see http://www.lwjgl.org)
[21:06:40] [Thread-7/INFO]: OpenAL initialized.
[21:06:40] [Sound Library Loader/INFO]: Sound engine started
[21:07:02] [Client thread/INFO]: Created: 16x16 textures-atlas
[21:07:14] [Client thread/INFO]: Reloading ResourceManager: Default, FMLFileResourcePack:Forge Mod Loader, FMLFileResourcePack:Minecraft Forge, FMLFileResourcePack:bamboomod, FMLFileResourcePack:MrCrayfish's Furniture Mod, FMLFileResourcePack:Chisel, FMLFileResourcePack:CTM, FMLFileResourcePack:IndustrialCraft 2, FMLFileResourcePack:JourneyMap, FMLFileResourcePack:豆腐Craft (TofuCraft), FMLFileResourcePack:bspkrsCore, FMLFileResourcePack:Treecapitator, FMLFileResourcePack:WorldEdit
[21:07:16] [Client thread/INFO]: SoundSystem shutting down...
[21:07:17] [Client thread/WARN]: Author: Paul Lamb, www.paulscode.com
[21:07:17] [Sound Library Loader/INFO]: Starting up SoundSystem...
[21:07:17] [Thread-9/INFO]: Initializing LWJGL OpenAL
[21:07:17] [Thread-9/INFO]: (The LWJGL binding of OpenAL.  For more information, see http://www.lwjgl.org)
[21:07:17] [Thread-9/INFO]: OpenAL initialized.
[21:07:17] [Sound Library Loader/INFO]: Sound engine started
[21:07:34] [Client thread/ERROR]: Using missing texture, unable to load chisel:textures/blocks/futura/controllerpurple.png, java.io.FileNotFoundException
[21:07:35] [Client thread/ERROR]: Using missing texture, unable to load minecraft:textures/blocks/blocks/leaves_oak.png, java.io.FileNotFoundException
[21:07:39] [Client thread/INFO]: Created: 2048x2048 textures-atlas
[21:07:51] [Client thread/WARN]: Unable to resolve texture due to upward reference: #1 in cfm:models/block/blinds_closed.json
[21:24:16] [Client thread/WARN]: Unable to start LAN server detection: Can't assign requested address
[21:25:00] [Client thread/INFO]: Connecting to server5-temp.chinacraft.cc, 63322
[21:26:27] [Client thread/INFO]: Stopping!
[21:26:27] [Client thread/INFO]: SoundSystem shutting down...
[21:26:27] [Client thread/WARN]: Author: Paul Lamb, www.paulscode.com
